<?xml version="1.0" encoding="UTF-8"?>
<!-- Generated by org.testng.reporters.JUnitXMLReporter -->
<testsuite hostname="DESKTOP-BJCV7O7" ignored="0" name="Test" tests="5" failures="0" timestamp="08 Sep 2021 13:08:42 GMT" time="0.2" errors="0">
  <testcase name="tc1" time="0.028" classname="com.hexa.SampleA"/>
  <testcase name="tc2" time="0.006" classname="com.hexa.SampleA"/>
  <testcase name="tc3" time="0.007" classname="com.hexa.SampleA"/>
  <testcase name="tc4" time="0.003" classname="com.hexa.SampleA"/>
  <testcase name="tc5" time="0.003" classname="com.hexa.SampleA"/>
</testsuite> <!-- Test -->
